{
  "RSpec": {
    "coverage": {
      "/Users/sakkaoui/Documents/Perso/code/presence/spec/models/line_spec.rb": [
        1,
        null,
        1,
        1,
        1,
        1,
        1,
        null,
        null,
        1,
        1,
        1,
        null,
        null,
        1,
        1,
        1,
        null,
        null,
        null,
        1,
        1,
        3,
        null,
        null,
        1,
        1,
        1,
        null,
        null,
        1,
        1,
        1,
        1,
        1,
        null,
        null,
        null,
        1,
        1,
        1,
        1,
        1,
        null,
        null,
        null,
        null
      ],
      "/Users/sakkaoui/Documents/Perso/code/presence/spec/rails_helper.rb": [
        null,
        1,
        1,
        1,
        null,
        1,
        1,
        null,
        null,
        null,
        null,
        null,
        null,
        null,
        null,
        null,
        null,
        null,
        null,
        null,
        null,
        null,
        null,
        null,
        null,
        null,
        null,
        1,
        null,
        0,
        0,
        null,
        1,
        null,
        1,
        null,
        null,
        null,
        null,
        1,
        null,
        null,
        null,
        null,
        null,
        null,
        null,
        null,
        null,
        null,
        null,
        null,
        null,
        null,
        1,
        null,
        null,
        1,
        null,
        null,
        null
      ],
      "/Users/sakkaoui/Documents/Perso/code/presence/config/environment.rb": [
        null,
        1,
        null,
        null,
        1
      ],
      "/Users/sakkaoui/Documents/Perso/code/presence/config/application.rb": [
        1,
        null,
        1,
        null,
        null,
        null,
        1,
        null,
        1,
        1,
        null,
        1,
        null,
        null,
        null,
        null,
        null,
        null,
        null
      ],
      "/Users/sakkaoui/Documents/Perso/code/presence/config/boot.rb": [
        1,
        null,
        1,
        1
      ],
      "/Users/sakkaoui/Documents/Perso/code/presence/config/environments/test.rb": [
        1,
        null,
        null,
        null,
        null,
        null,
        null,
        1,
        null,
        null,
        null,
        null,
        1,
        null,
        null,
        1,
        1,
        null,
        null,
        null,
        null,
        1,
        1,
        1,
        null,
        null,
        1,
        null,
        null,
        1,
        null,
        null,
        1,
        null,
        1,
        null,
        null,
        null,
        null,
        1,
        null,
        null,
        1,
        null,
        null,
        null,
        null
      ],
      "/Users/sakkaoui/Documents/Perso/code/presence/config/initializers/application_controller_renderer.rb": [
        null,
        null,
        null,
        null,
        null,
        null,
        null,
        null
      ],
      "/Users/sakkaoui/Documents/Perso/code/presence/config/initializers/assets.rb": [
        null,
        null,
        null,
        1,
        null,
        null,
        null,
        null,
        1,
        null,
        null,
        null,
        null,
        null
      ],
      "/Users/sakkaoui/Documents/Perso/code/presence/config/initializers/backtrace_silencers.rb": [
        null,
        null,
        null,
        null,
        null,
        null,
        null
      ],
      "/Users/sakkaoui/Documents/Perso/code/presence/config/initializers/content_security_policy.rb": [
        null,
        null,
        null,
        null,
        null,
        null,
        null,
        null,
        null,
        null,
        null,
        null,
        null,
        null,
        null,
        null,
        null,
        null,
        null,
        null,
        null,
        null,
        null,
        null,
        null,
        null,
        null
      ],
      "/Users/sakkaoui/Documents/Perso/code/presence/config/initializers/cookies_serializer.rb": [
        null,
        null,
        null,
        null,
        1
      ],
      "/Users/sakkaoui/Documents/Perso/code/presence/config/initializers/filter_parameter_logging.rb": [
        null,
        null,
        null,
        1
      ],
      "/Users/sakkaoui/Documents/Perso/code/presence/config/initializers/inflections.rb": [
        null,
        null,
        null,
        null,
        null,
        null,
        null,
        null,
        null,
        null,
        null,
        null,
        null,
        null,
        null,
        null
      ],
      "/Users/sakkaoui/Documents/Perso/code/presence/config/initializers/mime_types.rb": [
        null,
        null,
        null,
        null
      ],
      "/Users/sakkaoui/Documents/Perso/code/presence/config/initializers/wrap_parameters.rb": [
        null,
        null,
        null,
        null,
        null,
        null,
        1,
        2,
        null,
        null,
        null,
        null,
        null,
        null
      ],
      "/Users/sakkaoui/Documents/Perso/code/presence/spec/factories/lines.rb": [
        1,
        1,
        4,
        4,
        4,
        null,
        null
      ],
      "/Users/sakkaoui/Documents/Perso/code/presence/spec/factories/users.rb": [
        1,
        1,
        4,
        4,
        null,
        null
      ],
      "/Users/sakkaoui/Documents/Perso/code/presence/config/routes.rb": [
        1,
        null,
        null
      ],
      "/Users/sakkaoui/Documents/Perso/code/presence/app/helpers/application_helper.rb": [
        1,
        null
      ],
      "/Users/sakkaoui/Documents/Perso/code/presence/app/models/line.rb": [
        1,
        1,
        null
      ],
      "/Users/sakkaoui/Documents/Perso/code/presence/app/models/application_record.rb": [
        1,
        1,
        null
      ],
      "/Users/sakkaoui/Documents/Perso/code/presence/spec/models/user_spec.rb": [
        1,
        null,
        1,
        1,
        1,
        1,
        1,
        null,
        null,
        1,
        1,
        1,
        null,
        null,
        null,
        1,
        1,
        3,
        null,
        null,
        1,
        1,
        1,
        null,
        null,
        1,
        1,
        1,
        1,
        1,
        null,
        null,
        null,
        1,
        1,
        1,
        1,
        1,
        null,
        null,
        null,
        null
      ],
      "/Users/sakkaoui/Documents/Perso/code/presence/app/models/user.rb": [
        1,
        1,
        null
      ]
    },
    "timestamp": 1552484144
  }
}
